2026-06-12T18:57:38.289+05:00  INFO 21492 --- [SCORM-LMS] [restartedMain] u.s.l.app.ScromLmsProjectsApplicationKt  : Starting ScromLmsProjectsApplicationKt using Java 24.0.2 with PID 21492 (/Users/ideveloper/Documents/ScormLms/build/classes/kotlin/main started by ideveloper in /Users/ideveloper/Documents/ScormLms)
2026-06-12T18:57:38.290+05:00  INFO 21492 --- [SCORM-LMS] [restartedMain] u.s.l.app.ScromLmsProjectsApplicationKt  : The following 1 profile is active: "postgresql-prod"
2026-06-12T18:57:38.332+05:00  INFO 21492 --- [SCORM-LMS] [restartedMain] o.s.b.devtools.restart.ChangeableUrls    : The Class-Path manifest attribute in /Users/ideveloper/.gradle/caches/modules-2/files-2.1/org.bytedeco/opencv-platform/4.9.0-1.5.10/a128ab650ff9fdb07fa209732999a6c7ee0e7025/opencv-platform-4.9.0-1.5.10.jar referenced one or more files that do not exist: file:/Users/ideveloper/.gradle/caches/modules-2/files-2.1/org.bytedeco/opencv-platform/4.9.0-1.5.10/a128ab650ff9fdb07fa209732999a6c7ee0e7025/opencv.jar,file:/Users/ideveloper/.gradle/caches/modules-2/files-2.1/org.bytedeco/opencv-platform/4.9.0-1.5.10/a128ab650ff9fdb07fa209732999a6c7ee0e7025/opencv-linux-x86.jar,file:/Users/ideveloper/.gradle/caches/modules-2/files-2.1/org.bytedeco/opencv-platform/4.9.0-1.5.10/a128ab650ff9fdb07fa209732999a6c7ee0e7025/opencv-linux-x86_64.jar,file:/Users/ideveloper/.gradle/caches/modules-2/files-2.1/org.bytedeco/opencv-platform/4.9.0-1.5.10/a128ab650ff9fdb07fa209732999a6c7ee0e7025/opencv-linux-armhf.jar,file:/Users/ideveloper/.gradle/caches/modules-2/files-2.1/org.bytedeco/opencv-platform/4.9.0-1.5.10/a128ab650ff9fdb07fa209732999a6c7ee0e7025/opencv-linux-arm64.jar,file:/Users/ideveloper/.gradle/caches/modules-2/files-2.1/org.bytedeco/opencv-platform/4.9.0-1.5.10/a128ab650ff9fdb07fa209732999a6c7ee0e7025/opencv-linux-ppc64le.jar,file:/Users/ideveloper/.gradle/caches/modules-2/files-2.1/org.bytedeco/opencv-platform/4.9.0-1.5.10/a128ab650ff9fdb07fa209732999a6c7ee0e7025/opencv-macosx-arm64.jar,file:/Users/ideveloper/.gradle/caches/modules-2/files-2.1/org.bytedeco/opencv-platform/4.9.0-1.5.10/a128ab650ff9fdb07fa209732999a6c7ee0e7025/opencv-macosx-x86_64.jar,file:/Users/ideveloper/.gradle/caches/modules-2/files-2.1/org.bytedeco/opencv-platform/4.9.0-1.5.10/a128ab650ff9fdb07fa209732999a6c7ee0e7025/opencv-windows-x86.jar,file:/Users/ideveloper/.gradle/caches/modules-2/files-2.1/org.bytedeco/opencv-platform/4.9.0-1.5.10/a128ab650ff9fdb07fa209732999a6c7ee0e7025/opencv-windows-x86_64.jar
2026-06-12T18:57:38.332+05:00  INFO 21492 --- [SCORM-LMS] [restartedMain] o.s.b.devtools.restart.ChangeableUrls    : The Class-Path manifest attribute in /Users/ideveloper/.gradle/caches/modules-2/files-2.1/org.bytedeco/openblas-platform/0.3.26-1.5.10/8f08fbc949f66017fdd98e9872ce6306b6631004/openblas-platform-0.3.26-1.5.10.jar referenced one or more files that do not exist: file:/Users/ideveloper/.gradle/caches/modules-2/files-2.1/org.bytedeco/openblas-platform/0.3.26-1.5.10/8f08fbc949f66017fdd98e9872ce6306b6631004/openblas.jar,file:/Users/ideveloper/.gradle/caches/modules-2/files-2.1/org.bytedeco/openblas-platform/0.3.26-1.5.10/8f08fbc949f66017fdd98e9872ce6306b6631004/openblas-linux-x86.jar,file:/Users/ideveloper/.gradle/caches/modules-2/files-2.1/org.bytedeco/openblas-platform/0.3.26-1.5.10/8f08fbc949f66017fdd98e9872ce6306b6631004/openblas-linux-x86_64.jar,file:/Users/ideveloper/.gradle/caches/modules-2/files-2.1/org.bytedeco/openblas-platform/0.3.26-1.5.10/8f08fbc949f66017fdd98e9872ce6306b6631004/openblas-linux-armhf.jar,file:/Users/ideveloper/.gradle/caches/modules-2/files-2.1/org.bytedeco/openblas-platform/0.3.26-1.5.10/8f08fbc949f66017fdd98e9872ce6306b6631004/openblas-linux-arm64.jar,file:/Users/ideveloper/.gradle/caches/modules-2/files-2.1/org.bytedeco/openblas-platform/0.3.26-1.5.10/8f08fbc949f66017fdd98e9872ce6306b6631004/openblas-linux-ppc64le.jar,file:/Users/ideveloper/.gradle/caches/modules-2/files-2.1/org.bytedeco/openblas-platform/0.3.26-1.5.10/8f08fbc949f66017fdd98e9872ce6306b6631004/openblas-macosx-arm64.jar,file:/Users/ideveloper/.gradle/caches/modules-2/files-2.1/org.bytedeco/openblas-platform/0.3.26-1.5.10/8f08fbc949f66017fdd98e9872ce6306b6631004/openblas-macosx-x86_64.jar,file:/Users/ideveloper/.gradle/caches/modules-2/files-2.1/org.bytedeco/openblas-platform/0.3.26-1.5.10/8f08fbc949f66017fdd98e9872ce6306b6631004/openblas-windows-x86.jar,file:/Users/ideveloper/.gradle/caches/modules-2/files-2.1/org.bytedeco/openblas-platform/0.3.26-1.5.10/8f08fbc949f66017fdd98e9872ce6306b6631004/openblas-windows-x86_64.jar
2026-06-12T18:57:38.332+05:00  INFO 21492 --- [SCORM-LMS] [restartedMain] o.s.b.devtools.restart.ChangeableUrls    : The Class-Path manifest attribute in /Users/ideveloper/.gradle/caches/modules-2/files-2.1/org.bytedeco/opencv/4.9.0-1.5.10/dfce17ed2de05d981eb33eb8c35289274a1e5d3d/opencv-4.9.0-1.5.10.jar referenced one or more files that do not exist: file:/Users/ideveloper/.gradle/caches/modules-2/files-2.1/org.bytedeco/opencv/4.9.0-1.5.10/dfce17ed2de05d981eb33eb8c35289274a1e5d3d/javacpp.jar
2026-06-12T18:57:38.332+05:00  INFO 21492 --- [SCORM-LMS] [restartedMain] o.s.b.devtools.restart.ChangeableUrls    : The Class-Path manifest attribute in /Users/ideveloper/.gradle/caches/modules-2/files-2.1/org.bytedeco/javacpp-platform/1.5.10/93c45ea62aecd09325a35144191d6221e4b28f5c/javacpp-platform-1.5.10.jar referenced one or more files that do not exist: file:/Users/ideveloper/.gradle/caches/modules-2/files-2.1/org.bytedeco/javacpp-platform/1.5.10/93c45ea62aecd09325a35144191d6221e4b28f5c/javacpp.jar,file:/Users/ideveloper/.gradle/caches/modules-2/files-2.1/org.bytedeco/javacpp-platform/1.5.10/93c45ea62aecd09325a35144191d6221e4b28f5c/javacpp-linux-armhf.jar,file:/Users/ideveloper/.gradle/caches/modules-2/files-2.1/org.bytedeco/javacpp-platform/1.5.10/93c45ea62aecd09325a35144191d6221e4b28f5c/javacpp-linux-arm64.jar,file:/Users/ideveloper/.gradle/caches/modules-2/files-2.1/org.bytedeco/javacpp-platform/1.5.10/93c45ea62aecd09325a35144191d6221e4b28f5c/javacpp-linux-ppc64le.jar,file:/Users/ideveloper/.gradle/caches/modules-2/files-2.1/org.bytedeco/javacpp-platform/1.5.10/93c45ea62aecd09325a35144191d6221e4b28f5c/javacpp-linux-x86.jar,file:/Users/ideveloper/.gradle/caches/modules-2/files-2.1/org.bytedeco/javacpp-platform/1.5.10/93c45ea62aecd09325a35144191d6221e4b28f5c/javacpp-linux-x86_64.jar,file:/Users/ideveloper/.gradle/caches/modules-2/files-2.1/org.bytedeco/javacpp-platform/1.5.10/93c45ea62aecd09325a35144191d6221e4b28f5c/javacpp-macosx-arm64.jar,file:/Users/ideveloper/.gradle/caches/modules-2/files-2.1/org.bytedeco/javacpp-platform/1.5.10/93c45ea62aecd09325a35144191d6221e4b28f5c/javacpp-macosx-x86_64.jar,file:/Users/ideveloper/.gradle/caches/modules-2/files-2.1/org.bytedeco/javacpp-platform/1.5.10/93c45ea62aecd09325a35144191d6221e4b28f5c/javacpp-windows-x86.jar,file:/Users/ideveloper/.gradle/caches/modules-2/files-2.1/org.bytedeco/javacpp-platform/1.5.10/93c45ea62aecd09325a35144191d6221e4b28f5c/javacpp-windows-x86_64.jar
2026-06-12T18:57:38.332+05:00  INFO 21492 --- [SCORM-LMS] [restartedMain] o.s.b.devtools.restart.ChangeableUrls    : The Class-Path manifest attribute in /Users/ideveloper/.gradle/caches/modules-2/files-2.1/org.bytedeco/openblas/0.3.26-1.5.10/b710fa01b81b9118a7296c7e0d8972e1e6a336c7/openblas-0.3.26-1.5.10.jar referenced one or more files that do not exist: file:/Users/ideveloper/.gradle/caches/modules-2/files-2.1/org.bytedeco/openblas/0.3.26-1.5.10/b710fa01b81b9118a7296c7e0d8972e1e6a336c7/javacpp.jar
2026-06-12T18:57:38.332+05:00  INFO 21492 --- [SCORM-LMS] [restartedMain] .e.DevToolsPropertyDefaultsPostProcessor : Devtools property defaults active! Set 'spring.devtools.add-properties' to 'false' to disable
2026-06-12T18:57:38.332+05:00  INFO 21492 --- [SCORM-LMS] [restartedMain] .e.DevToolsPropertyDefaultsPostProcessor : For additional web related logging consider setting the 'logging.level.web' property to 'DEBUG'
2026-06-12T18:57:39.266+05:00  INFO 21492 --- [SCORM-LMS] [restartedMain] .s.d.r.c.RepositoryConfigurationDelegate : Multiple Spring Data modules found, entering strict repository configuration mode
2026-06-12T18:57:39.267+05:00  INFO 21492 --- [SCORM-LMS] [restartedMain] .s.d.r.c.RepositoryConfigurationDelegate : Bootstrapping Spring Data JDBC repositories in DEFAULT mode.
2026-06-12T18:57:39.298+05:00  INFO 21492 --- [SCORM-LMS] [restartedMain] .RepositoryConfigurationExtensionSupport : Spring Data JDBC - Could not safely identify store assignment for repository candidate interface uz.scorm.lms.app.v1.audit.repository.AuditLogRepository; If you want this repository to be a JDBC repository, consider annotating your entities with one of these annotations: org.springframework.data.relational.core.mapping.Table.
2026-06-12T18:57:39.299+05:00  INFO 21492 --- [SCORM-LMS] [restartedMain] .RepositoryConfigurationExtensionSupport : Spring Data JDBC - Could not safely identify store assignment for repository candidate interface uz.scorm.lms.app.v1.auth.repository.PasswordResetTokenRepository; If you want this repository to be a JDBC repository, consider annotating your entities with one of these annotations: org.springframework.data.relational.core.mapping.Table.
2026-06-12T18:57:39.300+05:00  INFO 21492 --- [SCORM-LMS] [restartedMain] .RepositoryConfigurationExtensionSupport : Spring Data JDBC - Could not safely identify store assignment for repository candidate interface uz.scorm.lms.app.v1.auth.repository.RefreshTokenRepository; If you want this repository to be a JDBC repository, consider annotating your entities with one of these annotations: org.springframework.data.relational.core.mapping.Table.
2026-06-12T18:57:39.303+05:00  INFO 21492 --- [SCORM-LMS] [restartedMain] .RepositoryConfigurationExtensionSupport : Spring Data JDBC - Could not safely identify store assignment for repository candidate interface uz.scorm.lms.app.v1.department.repository.DepartmentRepository; If you want this repository to be a JDBC repository, consider annotating your entities with one of these annotations: org.springframework.data.relational.core.mapping.Table.
2026-06-12T18:57:39.303+05:00  INFO 21492 --- [SCORM-LMS] [restartedMain] .RepositoryConfigurationExtensionSupport : Spring Data JDBC - Could not safely identify store assignment for repository candidate interface uz.scorm.lms.app.v1.permission.repository.PermissionRepository; If you want this repository to be a JDBC repository, consider annotating your entities with one of these annotations: org.springframework.data.relational.core.mapping.Table.
2026-06-12T18:57:39.304+05:00  INFO 21492 --- [SCORM-LMS] [restartedMain] .RepositoryConfigurationExtensionSupport : Spring Data JDBC - Could not safely identify store assignment for repository candidate interface uz.scorm.lms.app.v1.role.repository.RoleRepository; If you want this repository to be a JDBC repository, consider annotating your entities with one of these annotations: org.springframework.data.relational.core.mapping.Table.
2026-06-12T18:57:39.305+05:00  INFO 21492 --- [SCORM-LMS] [restartedMain] .RepositoryConfigurationExtensionSupport : Spring Data JDBC - Could not safely identify store assignment for repository candidate interface uz.scorm.lms.app.v1.security.repository.LoginAttemptRepository; If you want this repository to be a JDBC repository, consider annotating your entities with one of these annotations: org.springframework.data.relational.core.mapping.Table.
2026-06-12T18:57:39.306+05:00  INFO 21492 --- [SCORM-LMS] [restartedMain] .RepositoryConfigurationExtensionSupport : Spring Data JDBC - Could not safely identify store assignment for repository candidate interface uz.scorm.lms.app.v1.student.repository.StudentRepository; If you want this repository to be a JDBC repository, consider annotating your entities with one of these annotations: org.springframework.data.relational.core.mapping.Table.
2026-06-12T18:57:39.307+05:00  INFO 21492 --- [SCORM-LMS] [restartedMain] .RepositoryConfigurationExtensionSupport : Spring Data JDBC - Could not safely identify store assignment for repository candidate interface uz.scorm.lms.app.v1.user.repository.UserRepository; If you want this repository to be a JDBC repository, consider annotating your entities with one of these annotations: org.springframework.data.relational.core.mapping.Table.
2026-06-12T18:57:39.307+05:00  INFO 21492 --- [SCORM-LMS] [restartedMain] .s.d.r.c.RepositoryConfigurationDelegate : Finished Spring Data repository scanning in 35 ms. Found 0 JDBC repository interfaces.
2026-06-12T18:57:39.314+05:00  INFO 21492 --- [SCORM-LMS] [restartedMain] .s.d.r.c.RepositoryConfigurationDelegate : Multiple Spring Data modules found, entering strict repository configuration mode
2026-06-12T18:57:39.315+05:00  INFO 21492 --- [SCORM-LMS] [restartedMain] .s.d.r.c.RepositoryConfigurationDelegate : Bootstrapping Spring Data JPA repositories in DEFERRED mode.
2026-06-12T18:57:39.436+05:00  INFO 21492 --- [SCORM-LMS] [restartedMain] .s.d.r.c.RepositoryConfigurationDelegate : Finished Spring Data repository scanning in 117 ms. Found 9 JPA repository interfaces.
2026-06-12T18:57:39.876+05:00  INFO 21492 --- [SCORM-LMS] [restartedMain] o.s.b.w.embedded.tomcat.TomcatWebServer  : Tomcat initialized with port 8080 (http)
2026-06-12T18:57:39.888+05:00  INFO 21492 --- [SCORM-LMS] [restartedMain] o.apache.catalina.core.StandardService   : Starting service [Tomcat]
2026-06-12T18:57:39.888+05:00  INFO 21492 --- [SCORM-LMS] [restartedMain] o.apache.catalina.core.StandardEngine    : Starting Servlet engine: [Apache Tomcat/10.1.44]
2026-06-12T18:57:39.923+05:00  INFO 21492 --- [SCORM-LMS] [restartedMain] o.a.c.c.C.[Tomcat].[localhost].[/]       : Initializing Spring embedded WebApplicationContext
2026-06-12T18:57:39.924+05:00  INFO 21492 --- [SCORM-LMS] [restartedMain] w.s.c.ServletWebServerApplicationContext : Root WebApplicationContext: initialization completed in 1591 ms
2026-06-12T18:57:40.381+05:00  WARN 21492 --- [SCORM-LMS] [restartedMain] r$InitializeUserDetailsManagerConfigurer : Global AuthenticationManager configured with an AuthenticationProvider bean. UserDetailsService beans will not be used by Spring Security for automatically configuring username/password login. Consider removing the AuthenticationProvider bean. Alternatively, consider using the UserDetailsService in a manually instantiated DaoAuthenticationProvider. If the current configuration is intentional, to turn off this warning, increase the logging level of 'org.springframework.security.config.annotation.authentication.configuration.InitializeUserDetailsBeanManagerConfigurer' to ERROR
2026-06-12T18:57:40.661+05:00  INFO 21492 --- [SCORM-LMS] [task-1] o.s.o.j.p.SpringPersistenceUnitInfo      : No LoadTimeWeaver setup: ignoring JPA class transformer
2026-06-12T18:57:42.047+05:00  INFO 21492 --- [SCORM-LMS] [restartedMain] o.s.b.a.e.web.EndpointLinksResolver      : Exposing 3 endpoints beneath base path '/actuator'
2026-06-12T18:57:42.135+05:00  WARN 21492 --- [SCORM-LMS] [task-1] o.h.t.s.i.ExceptionHandlerLoggedImpl     : GenerationTarget encountered exception accepting command : Error executing DDL "alter table if exists users alter column status set data type VARCHAR(20) DEFAULT 'ACTIVE'" via JDBC [ERROR: syntax error at or near "DEFAULT"
  Position: 75]

org.hibernate.tool.schema.spi.CommandAcceptanceException: Error executing DDL "alter table if exists users alter column status set data type VARCHAR(20) DEFAULT 'ACTIVE'" via JDBC [ERROR: syntax error at or near "DEFAULT"
  Position: 75]
	at org.hibernate.tool.schema.internal.exec.GenerationTargetToDatabase.accept(GenerationTargetToDatabase.java:94) ~[hibernate-core-6.6.26.Final.jar:6.6.26.Final]
	at org.hibernate.tool.schema.internal.AbstractSchemaMigrator.applySqlString(AbstractSchemaMigrator.java:576) ~[hibernate-core-6.6.26.Final.jar:6.6.26.Final]
	at org.hibernate.tool.schema.internal.AbstractSchemaMigrator.applySqlStrings(AbstractSchemaMigrator.java:516) ~[hibernate-core-6.6.26.Final.jar:6.6.26.Final]
	at org.hibernate.tool.schema.internal.AbstractSchemaMigrator.migrateTable(AbstractSchemaMigrator.java:334) ~[hibernate-core-6.6.26.Final.jar:6.6.26.Final]
	at org.hibernate.tool.schema.internal.GroupedSchemaMigratorImpl.performTablesMigration(GroupedSchemaMigratorImpl.java:84) ~[hibernate-core-6.6.26.Final.jar:6.6.26.Final]
	at org.hibernate.tool.schema.internal.AbstractSchemaMigrator.performMigration(AbstractSchemaMigrator.java:233) ~[hibernate-core-6.6.26.Final.jar:6.6.26.Final]
	at org.hibernate.tool.schema.internal.AbstractSchemaMigrator.doMigration(AbstractSchemaMigrator.java:112) ~[hibernate-core-6.6.26.Final.jar:6.6.26.Final]
	at org.hibernate.tool.schema.spi.SchemaManagementToolCoordinator.performDatabaseAction(SchemaManagementToolCoordinator.java:280) ~[hibernate-core-6.6.26.Final.jar:6.6.26.Final]
	at org.hibernate.tool.schema.spi.SchemaManagementToolCoordinator.lambda$process$5(SchemaManagementToolCoordinator.java:144) ~[hibernate-core-6.6.26.Final.jar:6.6.26.Final]
	at java.base/java.util.HashMap.forEach(HashMap.java:1430) ~[na:na]
	at org.hibernate.tool.schema.spi.SchemaManagementToolCoordinator.process(SchemaManagementToolCoordinator.java:141) ~[hibernate-core-6.6.26.Final.jar:6.6.26.Final]
	at org.hibernate.boot.internal.SessionFactoryObserverForSchemaExport.sessionFactoryCreated(SessionFactoryObserverForSchemaExport.java:37) ~[hibernate-core-6.6.26.Final.jar:6.6.26.Final]
	at org.hibernate.internal.SessionFactoryObserverChain.sessionFactoryCreated(SessionFactoryObserverChain.java:35) ~[hibernate-core-6.6.26.Final.jar:6.6.26.Final]
	at org.hibernate.internal.SessionFactoryImpl.<init>(SessionFactoryImpl.java:324) ~[hibernate-core-6.6.26.Final.jar:6.6.26.Final]
	at org.hibernate.boot.internal.SessionFactoryBuilderImpl.build(SessionFactoryBuilderImpl.java:463) ~[hibernate-core-6.6.26.Final.jar:6.6.26.Final]
	at org.hibernate.jpa.boot.internal.EntityManagerFactoryBuilderImpl.build(EntityManagerFactoryBuilderImpl.java:1517) ~[hibernate-core-6.6.26.Final.jar:6.6.26.Final]
	at org.springframework.orm.jpa.vendor.SpringHibernateJpaPersistenceProvider.createContainerEntityManagerFactory(SpringHibernateJpaPersistenceProvider.java:66) ~[spring-orm-6.2.10.jar:6.2.10]
	at org.springframework.orm.jpa.LocalContainerEntityManagerFactoryBean.createNativeEntityManagerFactory(LocalContainerEntityManagerFactoryBean.java:390) ~[spring-orm-6.2.10.jar:6.2.10]
	at org.springframework.orm.jpa.AbstractEntityManagerFactoryBean.buildNativeEntityManagerFactory(AbstractEntityManagerFactoryBean.java:419) ~[spring-orm-6.2.10.jar:6.2.10]
	at java.base/java.util.concurrent.FutureTask.run(FutureTask.java:328) ~[na:na]
	at java.base/java.util.concurrent.ThreadPoolExecutor.runWorker(ThreadPoolExecutor.java:1095) ~[na:na]
	at java.base/java.util.concurrent.ThreadPoolExecutor$Worker.run(ThreadPoolExecutor.java:619) ~[na:na]
	at java.base/java.lang.Thread.run(Thread.java:1447) ~[na:na]
Caused by: org.postgresql.util.PSQLException: ERROR: syntax error at or near "DEFAULT"
  Position: 75
	at org.postgresql.core.v3.QueryExecutorImpl.receiveErrorResponse(QueryExecutorImpl.java:2734) ~[postgresql-42.7.7.jar:42.7.7]
	at org.postgresql.core.v3.QueryExecutorImpl.processResults(QueryExecutorImpl.java:2421) ~[postgresql-42.7.7.jar:42.7.7]
	at org.postgresql.core.v3.QueryExecutorImpl.execute(QueryExecutorImpl.java:372) ~[postgresql-42.7.7.jar:42.7.7]
	at org.postgresql.jdbc.PgStatement.executeInternal(PgStatement.java:518) ~[postgresql-42.7.7.jar:42.7.7]
	at org.postgresql.jdbc.PgStatement.execute(PgStatement.java:435) ~[postgresql-42.7.7.jar:42.7.7]
	at org.postgresql.jdbc.PgStatement.executeWithFlags(PgStatement.java:357) ~[postgresql-42.7.7.jar:42.7.7]
	at org.postgresql.jdbc.PgStatement.executeCachedSql(PgStatement.java:342) ~[postgresql-42.7.7.jar:42.7.7]
	at org.postgresql.jdbc.PgStatement.executeWithFlags(PgStatement.java:318) ~[postgresql-42.7.7.jar:42.7.7]
	at org.postgresql.jdbc.PgStatement.execute(PgStatement.java:313) ~[postgresql-42.7.7.jar:42.7.7]
	at com.zaxxer.hikari.pool.ProxyStatement.execute(ProxyStatement.java:95) ~[HikariCP-6.3.2.jar:na]
	at com.zaxxer.hikari.pool.HikariProxyStatement.execute(HikariProxyStatement.java) ~[HikariCP-6.3.2.jar:na]
	at org.hibernate.tool.schema.internal.exec.GenerationTargetToDatabase.accept(GenerationTargetToDatabase.java:80) ~[hibernate-core-6.6.26.Final.jar:6.6.26.Final]
	... 22 common frames omitted

2026-06-12T18:57:42.471+05:00  INFO 21492 --- [SCORM-LMS] [task-1] j.LocalContainerEntityManagerFactoryBean : Initialized JPA EntityManagerFactory for persistence unit 'default'
2026-06-12T18:57:42.895+05:00  INFO 21492 --- [SCORM-LMS] [restartedMain] o.s.b.w.embedded.tomcat.TomcatWebServer  : Tomcat started on port 8080 (http) with context path '/'
2026-06-12T18:57:42.897+05:00  INFO 21492 --- [SCORM-LMS] [restartedMain] DeferredRepositoryInitializationListener : Triggering deferred initialization of Spring Data repositories…
2026-06-12T18:57:43.299+05:00  INFO 21492 --- [SCORM-LMS] [restartedMain] o.s.d.j.r.query.QueryEnhancerFactory     : Hibernate is in classpath; If applicable, HQL parser will be used.
2026-06-12T18:57:43.681+05:00  INFO 21492 --- [SCORM-LMS] [restartedMain] DeferredRepositoryInitializationListener : Spring Data repositories initialized
2026-06-12T18:57:43.692+05:00  INFO 21492 --- [SCORM-LMS] [restartedMain] u.s.l.app.ScromLmsProjectsApplicationKt  : Started ScromLmsProjectsApplicationKt in 5.731 seconds (process running for 6.241)
2026-06-12T18:57:44.152+05:00  INFO 21492 --- [SCORM-LMS] [RMI TCP Connection(4)-127.0.0.1] o.a.c.c.C.[Tomcat].[localhost].[/]       : Initializing Spring DispatcherServlet 'dispatcherServlet'
2026-06-12T18:57:44.152+05:00  INFO 21492 --- [SCORM-LMS] [RMI TCP Connection(4)-127.0.0.1] o.s.web.servlet.DispatcherServlet        : Initializing Servlet 'dispatcherServlet'
2026-06-12T18:57:44.154+05:00  INFO 21492 --- [SCORM-LMS] [RMI TCP Connection(4)-127.0.0.1] o.s.web.servlet.DispatcherServlet        : Completed initialization in 2 ms
